<?xml version="1.0" encoding="UTF-8"?>
<coverage generated="1658469242489" clover="3.2.0">
  <project timestamp="1658469242489" name="All files">
    <metrics statements="10" coveredstatements="8" conditionals="0" coveredconditionals="0" methods="7" coveredmethods="5" elements="17" coveredelements="13" complexity="0" loc="10" ncloc="10" packages="1" files="3" classes="3"/>
    <file name="demo.js" path="F:\my-project\jest-case-demo\src\demo.js">
      <metrics statements="1" coveredstatements="1" conditionals="0" coveredconditionals="0" methods="2" coveredmethods="2"/>
      <line num="3" count="1" type="stmt"/>
    </file>
    <file name="getData.js" path="F:\my-project\jest-case-demo\src\getData.js">
      <metrics statements="7" coveredstatements="5" conditionals="0" coveredconditionals="0" methods="4" coveredmethods="2"/>
      <line num="3" count="1" type="stmt"/>
      <line num="4" count="0" type="stmt"/>
      <line num="5" count="0" type="stmt"/>
      <line num="9" count="1" type="stmt"/>
      <line num="10" count="1" type="stmt"/>
      <line num="13" count="1" type="stmt"/>
      <line num="14" count="1" type="stmt"/>
    </file>
    <file name="runCallback.js" path="F:\my-project\jest-case-demo\src\runCallback.js">
      <metrics statements="2" coveredstatements="2" conditionals="0" coveredconditionals="0" methods="1" coveredmethods="1"/>
      <line num="1" count="1" type="stmt"/>
      <line num="2" count="5" type="stmt"/>
    </file>
  </project>
</coverage>
