{"F:\\my-project\\jest-case-demo\\src\\demo.js": {"path":"F:\\my-project\\jest-case-demo\\src\\demo.js","statementMap":{"0":{"start":{"line":3,"column":23},"end":{"line":3,"column":70}},"1":{"start":{"line":3,"column":29},"end":{"line":3,"column":70}},"2":{"start":{"line":3,"column":61},"end":{"line":3,"column":69}}},"fnMap":{"0":{"name":"(anonymous_0)","decl":{"start":{"line":3,"column":23},"end":{"line":3,"column":24}},"loc":{"start":{"line":3,"column":29},"end":{"line":3,"column":70}},"line":3},"1":{"name":"(anonymous_1)","decl":{"start":{"line":3,"column":52},"end":{"line":3,"column":53}},"loc":{"start":{"line":3,"column":61},"end":{"line":3,"column":69}},"line":3}},"branchMap":{},"s":{"0":1,"1":1,"2":1},"f":{"0":1,"1":1},"b":{},"_coverageSchema":"1a1c01bbd47fc00a2c39e90264f33305004495a9","hash":"8daf1d5c4cb17ed0ce16bbd795a0ce2f52b48146"}
,"F:\\my-project\\jest-case-demo\\src\\runCallback.js": {"path":"F:\\my-project\\jest-case-demo\\src\\runCallback.js","statementMap":{"0":{"start":{"line":1,"column":20},"end":{"line":3,"column":1}},"1":{"start":{"line":2,"column":2},"end":{"line":2,"column":17}}},"fnMap":{"0":{"name":"(anonymous_0)","decl":{"start":{"line":1,"column":20},"end":{"line":1,"column":21}},"loc":{"start":{"line":1,"column":34},"end":{"line":3,"column":1}},"line":1}},"branchMap":{},"s":{"0":1,"1":5},"f":{"0":5},"b":{},"_coverageSchema":"1a1c01bbd47fc00a2c39e90264f33305004495a9","hash":"8775fafcdefaa28615da0e00f9fc2e9033a401ce"}
}
